{"/Users/james.gordon/dev/tmp/snr-frontend-test/config.js": {"path":"/Users/james.gordon/dev/tmp/snr-frontend-test/config.js","statementMap":{"0":{"start":{"line":4,"column":15},"end":{"line":7,"column":1}},"1":{"start":{"line":9,"column":0},"end":{"line":9,"column":24}}},"fnMap":{},"branchMap":{},"s":{"0":1,"1":1},"f":{},"b":{},"_coverageSchema":"1a1c01bbd47fc00a2c39e90264f33305004495a9","hash":"fbc68a9221fea84b46a0372e75581ed151335393"}
,"/Users/james.gordon/dev/tmp/snr-frontend-test/utils/api.js": {"path":"/Users/james.gordon/dev/tmp/snr-frontend-test/utils/api.js","statementMap":{"0":{"start":{"line":2,"column":14},"end":{"line":2,"column":30}},"1":{"start":{"line":3,"column":32},"end":{"line":3,"column":52}},"2":{"start":{"line":6,"column":12},"end":{"line":20,"column":1}},"3":{"start":{"line":7,"column":4},"end":{"line":19,"column":5}},"4":{"start":{"line":8,"column":25},"end":{"line":13,"column":10}},"5":{"start":{"line":14,"column":8},"end":{"line":14,"column":60}},"6":{"start":{"line":15,"column":8},"end":{"line":15,"column":24}},"7":{"start":{"line":17,"column":8},"end":{"line":17,"column":35}},"8":{"start":{"line":18,"column":8},"end":{"line":18,"column":39}},"9":{"start":{"line":22,"column":0},"end":{"line":22,"column":21}}},"fnMap":{"0":{"name":"(anonymous_0)","decl":{"start":{"line":6,"column":12},"end":{"line":6,"column":13}},"loc":{"start":{"line":6,"column":32},"end":{"line":20,"column":1}},"line":6}},"branchMap":{},"s":{"0":1,"1":1,"2":1,"3":2,"4":2,"5":1,"6":1,"7":1,"8":1,"9":1},"f":{"0":2},"b":{},"_coverageSchema":"1a1c01bbd47fc00a2c39e90264f33305004495a9","hash":"9a3b8a71ad8570a596dc38dfc7fed2c3051da697"}
}
